<?xml version="1.0" encoding="UTF-8"?>
<coverage generated="1680518098864" clover="3.2.0">
  <project timestamp="1680518098864" name="All files">
    <metrics statements="12" coveredstatements="12" conditionals="1" coveredconditionals="1" methods="3" coveredmethods="3" elements="16" coveredelements="16" complexity="0" loc="12" ncloc="12" packages="1" files="1" classes="1"/>
    <file name="primeFactors.ts" path="/home/josepascual/workspace-testing/kata-prime-factors/src/core/primeFactors.ts">
      <metrics statements="12" coveredstatements="12" conditionals="1" coveredconditionals="1" methods="3" coveredmethods="3"/>
      <line num="1" count="1" type="stmt"/>
      <line num="3" count="17" type="stmt"/>
      <line num="4" count="17" type="stmt"/>
      <line num="6" count="17" type="stmt"/>
      <line num="7" count="17" type="cond" truecount="1" falsecount="0"/>
      <line num="8" count="9" type="stmt"/>
      <line num="11" count="8" type="stmt"/>
      <line num="14" count="17" type="stmt"/>
      <line num="16" count="17" type="stmt"/>
      <line num="17" count="28" type="stmt"/>
      <line num="19" count="17" type="stmt"/>
      <line num="22" count="45" type="stmt"/>
    </file>
  </project>
</coverage>
