<?xml version="1.0" encoding="UTF-8"?>
<coverage generated="1680523444610" clover="3.2.0">
  <project timestamp="1680523444610" name="All files">
    <metrics statements="16" coveredstatements="16" conditionals="3" coveredconditionals="3" methods="3" coveredmethods="3" elements="22" coveredelements="22" complexity="0" loc="16" ncloc="16" packages="1" files="1" classes="1"/>
    <file name="primeFactors.ts" path="/home/josepascual/workspace-testing/kata-prime-factors/src/core/primeFactors.ts">
      <metrics statements="16" coveredstatements="16" conditionals="3" coveredconditionals="3" methods="3" coveredmethods="3"/>
      <line num="1" count="1" type="stmt"/>
      <line num="3" count="22" type="cond" truecount="1" falsecount="0"/>
      <line num="4" count="1" type="stmt"/>
      <line num="7" count="21" type="cond" truecount="1" falsecount="0"/>
      <line num="8" count="2" type="stmt"/>
      <line num="11" count="19" type="stmt"/>
      <line num="12" count="19" type="stmt"/>
      <line num="14" count="19" type="stmt"/>
      <line num="15" count="19" type="cond" truecount="1" falsecount="0"/>
      <line num="16" count="10" type="stmt"/>
      <line num="19" count="9" type="stmt"/>
      <line num="22" count="19" type="stmt"/>
      <line num="24" count="19" type="stmt"/>
      <line num="25" count="28" type="stmt"/>
      <line num="27" count="19" type="stmt"/>
      <line num="30" count="47" type="stmt"/>
    </file>
  </project>
</coverage>
