{"/home/josepascual/workspace-testing/kata-prime-factors/src/core/primeFactors.ts": {"path":"/home/josepascual/workspace-testing/kata-prime-factors/src/core/primeFactors.ts","statementMap":{"0":{"start":{"line":3,"column":18},"end":{"line":3,"column":58}},"1":{"start":{"line":4,"column":20},"end":{"line":4,"column":29}},"2":{"start":{"line":6,"column":22},"end":{"line":6,"column":38}},"3":{"start":{"line":7,"column":4},"end":{"line":9,"column":null}},"4":{"start":{"line":8,"column":8},"end":{"line":8,"column":57}},"5":{"start":{"line":11,"column":4},"end":{"line":11,"column":21}},"6":{"start":{"line":1,"column":0},"end":{"line":1,"column":16}},"7":{"start":{"line":15,"column":4},"end":{"line":17,"column":null}},"8":{"start":{"line":16,"column":8},"end":{"line":16,"column":17}},"9":{"start":{"line":19,"column":18},"end":{"line":19,"column":19}},"10":{"start":{"line":21,"column":4},"end":{"line":23,"column":null}},"11":{"start":{"line":22,"column":8},"end":{"line":22,"column":18}},"12":{"start":{"line":24,"column":4},"end":{"line":24,"column":19}},"13":{"start":{"line":27,"column":4},"end":{"line":27,"column":33}}},"fnMap":{"0":{"name":"primeFactors","decl":{"start":{"line":1,"column":16},"end":{"line":1,"column":28}},"loc":{"start":{"line":1,"column":43},"end":{"line":12,"column":1}}},"1":{"name":"getSmallestPrimeDivisorForNumber","decl":{"start":{"line":13,"column":9},"end":{"line":13,"column":41}},"loc":{"start":{"line":13,"column":56},"end":{"line":25,"column":1}}},"2":{"name":"notDivisorForNumber","decl":{"start":{"line":26,"column":9},"end":{"line":26,"column":28}},"loc":{"start":{"line":26,"column":60},"end":{"line":28,"column":1}}}},"branchMap":{"0":{"loc":{"start":{"line":7,"column":4},"end":{"line":9,"column":null}},"type":"if","locations":[{"start":{"line":7,"column":4},"end":{"line":9,"column":null}}]},"1":{"loc":{"start":{"line":15,"column":4},"end":{"line":17,"column":null}},"type":"if","locations":[{"start":{"line":15,"column":4},"end":{"line":17,"column":null}}]}},"s":{"0":20,"1":20,"2":20,"3":20,"4":10,"5":10,"6":1,"7":20,"8":1,"9":19,"10":19,"11":28,"12":19,"13":47},"f":{"0":20,"1":20,"2":47},"b":{"0":[10],"1":[1]}}
}
