TN:
SF:src/core/primeFactors.ts
FN:1,primeFactors
FN:7,checkIfPositiveNumber
FN:13,getSmallestPrimeDivisorForNumber
FN:28,notDivisorForNumber
FN:32,getPrimeFactors
FNF:5
FNH:5
FNDA:21,primeFactors
FNDA:21,checkIfPositiveNumber
FNDA:20,getSmallestPrimeDivisorForNumber
FNDA:47,notDivisorForNumber
FNDA:20,getPrimeFactors
DA:1,1
DA:3,21
DA:4,20
DA:8,21
DA:9,1
DA:17,20
DA:18,1
DA:21,19
DA:23,19
DA:24,28
DA:26,19
DA:29,47
DA:33,20
DA:34,20
DA:36,20
DA:37,20
DA:38,10
DA:41,10
LF:18
LH:18
BRDA:8,0,0,1
BRDA:17,1,0,1
BRDA:37,2,0,10
BRF:3
BRH:3
end_of_record
